info it worked if it ends with ok
verbose cli [ 'node', '/usr/bin/npm', 'install', '-g', 'meteorite' ]
info using npm@1.1.4
info using node@v0.6.12
verbose config file /home/levi/.npmrc
verbose config file /usr/etc/npmrc
verbose config file /usr/share/npm/npmrc
verbose cache add [ 'meteorite', null ]
silly cache add: name, spec, args [ undefined, 'meteorite', [ 'meteorite', null ] ]
verbose parsed url { pathname: 'meteorite', path: 'meteorite', href: 'meteorite' }
verbose addNamed [ 'meteorite', '' ]
verbose addNamed [ null, '' ]
silly name, range, hasData [ 'meteorite', '', false ]
verbose raw, before any munging meteorite
verbose url resolving [ 'http://registry.npmjs.org/', './meteorite' ]
verbose url resolved http://registry.npmjs.org/meteorite
verbose etag "7I6ML2CEHVP9MMQ0M8PH7955G"
http GET http://registry.npmjs.org/meteorite
http 304 http://registry.npmjs.org/meteorite
silly get cb [ 304,
silly get cb   { date: 'Sat, 26 Apr 2014 20:37:25 GMT',
silly get cb     via: '1.1 varnish',
silly get cb     'last-modified': 'Sat, 26 Apr 2014 20:37:25 GMT',
silly get cb     'cache-control': 'max-age=1',
silly get cb     etag: '"7I6ML2CEHVP9MMQ0M8PH7955G"',
silly get cb     connection: 'keep-alive',
silly get cb     'x-served-by': 'cache-d45-DAL',
silly get cb     'x-cache': 'MISS',
silly get cb     'x-cache-hits': '0',
silly get cb     'x-timer': 'S1398544645.153021097,VS0,VE195',
silly get cb     vary: 'Accept' } ]
verbose etag meteorite from cache
silly name, range, hasData 2 [ 'meteorite', '', true ]
silly versions [ 'meteorite',
silly versions   [ '0.0.1',
silly versions     '0.0.2',
silly versions     '0.0.3',
silly versions     '0.0.4',
silly versions     '0.0.5',
silly versions     '0.0.6',
silly versions     '0.0.7',
silly versions     '0.0.8',
silly versions     '0.0.9',
silly versions     '0.0.10',
silly versions     '0.0.11',
silly versions     '0.0.12',
silly versions     '0.0.13',
silly versions     '0.0.14',
silly versions     '0.0.15',
silly versions     '0.0.16',
silly versions     '0.0.17',
silly versions     '0.0.18',
silly versions     '0.0.19',
silly versions     '0.1.0',
silly versions     '0.1.1',
silly versions     '0.2.0',
silly versions     '0.2.1',
silly versions     '0.2.2',
silly versions     '0.3.0',
silly versions     '0.3.1',
silly versions     '0.3.3',
silly versions     '0.4.0',
silly versions     '0.4.1',
silly versions     '0.4.2',
silly versions     '0.4.3',
silly versions     '0.4.4',
silly versions     '0.4.5',
silly versions     '0.4.6',
silly versions     '0.4.7',
silly versions     '0.4.8',
silly versions     '0.4.9',
silly versions     '0.5.0',
silly versions     '0.5.1',
silly versions     '0.6.0',
silly versions     '0.6.1',
silly versions     '0.6.2',
silly versions     '0.6.3',
silly versions     '0.6.4',
silly versions     '0.6.5',
silly versions     '0.6.6',
silly versions     '0.6.7',
silly versions     '0.6.8',
silly versions     '0.6.9',
silly versions     '0.6.10',
silly versions     '0.6.11',
silly versions     '0.6.12',
silly versions     '0.6.13',
silly versions     '0.6.14',
silly versions     '0.6.15',
silly versions     '0.6.16',
silly versions     '0.7.0',
silly versions     '0.7.1',
silly versions     '0.7.2',
silly versions     '0.7.3' ] ]
verbose bin dist [ '0.6-ares1.7.5-evundefined-openssl1.0.1-v83.7.12.22-linux-x64-3.5.0-48-generic',
verbose bin dist   { shasum: '3913814e8c3b2505a3e3f6a2afa42bbbc582654b',
verbose bin dist     tarball: 'http://registry.npmjs.org/meteorite/-/meteorite-0.7.3.tgz' } ]
verbose caching /home/levi/.npm/meteorite/0.7.3/package/package.json
verbose loadDefaults meteorite@0.7.3
silly resolved [ { name: 'meteorite',
silly resolved     version: '0.7.3',
silly resolved     homepage: 'http://oortcloud.github.com/meteorite',
silly resolved     engines: [ 'node >=0.8.0', node: ' >=0.8.0' ],
silly resolved     description: 'Installer & smart package manager for Meteor',
silly resolved     author: 
silly resolved      { name: 'Tom Coleman',
silly resolved        email: 'tom@percolatestudio.com',
silly resolved        url: 'http://percolatestudio.com' },
silly resolved     dependencies: 
silly resolved      { ddp: '>=0.3.1',
silly resolved        underscore: '1.3.3',
silly resolved        wrench: '1.3.9',
silly resolved        fstream: '>=0.1.18',
silly resolved        optimist: '>=0.3.4',
silly resolved        prompt: '0.2.11',
silly resolved        colors: '0.6.0-1',
silly resolved        async: '0.2.9',
silly resolved        rolling_timeout_exec: '>=0.0.1' },
silly resolved     devDependencies: { mocha: '>=1.2.2', connect: '>=2.3.6', which: '>=1.0.5' },
silly resolved     scripts: 
silly resolved      { test: 'mocha spec/unit spec/acceptance -t 240000 -R spec',
silly resolved        flushcache: 'rm -rf spec/support/cache',
silly resolved        postinstall: 'sh ./completions/postinstall.sh' },
silly resolved     repository: { type: 'git', url: 'git://github.com/oortcloud/meteorite.git' },
silly resolved     bin: { mrt: './bin/mrt.js' },
silly resolved     _id: 'meteorite@0.7.3',
silly resolved     optionalDependencies: {},
silly resolved     _engineSupported: false,
silly resolved     _npmVersion: '1.1.4',
silly resolved     _nodeVersion: 'v0.6.12',
silly resolved     _defaultsLoaded: true,
silly resolved     _from: 'meteorite' } ]
info into /usr/local/lib meteorite@0.7.3
info installOne meteorite@0.7.3
verbose installOne cb meteorite@0.7.3
ERR! Unsupported
ERR! Not compatible with your version of node/npm: meteorite@0.7.3
ERR! Required: ["node >=0.8.0"]
ERR! Actual:   {"npm":"1.1.4","node":"0.6.12"}
ERR! 
ERR! System Linux 3.5.0-48-generic
ERR! command "node" "/usr/bin/npm" "install" "-g" "meteorite"
ERR! cwd /home/levi/Desktop/Say-Hello
ERR! node -v v0.6.12
ERR! npm -v 1.1.4
ERR! code ENOTSUP
ERR! message Unsupported
ERR! errno {}
verbose exit [ 1, true ]
